Started by user [8mha:////4AUwrXJWJRp7nay7hnMSccy+E3+CSVJ7RfAJfKJ+YLWFAAAAlx+LCAAAAAAAAP9b85aBtbiIQTGjNKU4P08vOT+vOD8nVc83PyU1x6OyILUoJzMv2y+/JJUBAhiZGBgqihhk0NSjKDWzXb3RdlLBUSYGJk8GtpzUvPSSDB8G5tKinBIGIZ+sxLJE/ZzEvHT94JKizLx0a6BxUmjGOUNodHsLgAzWEgZu/dLi1CL9xJTczDwAj6GcLcAAAAA=[0madmin
Checking out git https://github.com/Winnguyen1511/test-jenkinsfile-1 into /var/jenkins_home/workspace/test-pipeline-1@script/369afc121eee4b6208fe163dce14c93b891f991c8f769c4cf3654f9ff61877c2 to read Jenkinsfile
The recommended git tool is: NONE
No credentials specified
 > git rev-parse --resolve-git-dir /var/jenkins_home/workspace/test-pipeline-1@script/369afc121eee4b6208fe163dce14c93b891f991c8f769c4cf3654f9ff61877c2/.git # timeout=10
Fetching changes from the remote Git repository
 > git config remote.origin.url https://github.com/Winnguyen1511/test-jenkinsfile-1 # timeout=10
Fetching upstream changes from https://github.com/Winnguyen1511/test-jenkinsfile-1
 > git --version # timeout=10
 > git --version # 'git version 2.30.2'
 > git fetch --tags --force --progress -- https://github.com/Winnguyen1511/test-jenkinsfile-1 +refs/heads/*:refs/remotes/origin/* # timeout=10
 > git rev-parse refs/remotes/origin/develop^{commit} # timeout=10
Checking out Revision 7c47e3b6a410d64fef489545883e2eb0b7da5800 (refs/remotes/origin/develop)
 > git config core.sparsecheckout # timeout=10
 > git checkout -f 7c47e3b6a410d64fef489545883e2eb0b7da5800 # timeout=10
Commit message: "ssh publish"
 > git rev-list --no-walk e53a48ec97083bc8c45c581b3044b118786c6982 # timeout=10
org.codehaus.groovy.control.MultipleCompilationErrorsException: startup failed:
WorkflowScript: 16: expecting ')', found 'params' @ line 16, column 321.
   irectory: env.BUILD_NUMBER+'_'params.PRO
                                 ^

1 error

	at org.codehaus.groovy.control.ErrorCollector.failIfErrors(ErrorCollector.java:309)
	at org.codehaus.groovy.control.ErrorCollector.addFatalError(ErrorCollector.java:149)
	at org.codehaus.groovy.control.ErrorCollector.addError(ErrorCollector.java:119)
	at org.codehaus.groovy.control.ErrorCollector.addError(ErrorCollector.java:131)
	at org.codehaus.groovy.control.SourceUnit.addError(SourceUnit.java:349)
	at org.codehaus.groovy.antlr.AntlrParserPlugin.transformCSTIntoAST(AntlrParserPlugin.java:225)
	at org.codehaus.groovy.antlr.AntlrParserPlugin.parseCST(AntlrParserPlugin.java:191)
	at org.codehaus.groovy.control.SourceUnit.parse(SourceUnit.java:233)
	at org.codehaus.groovy.control.CompilationUnit$1.call(CompilationUnit.java:189)
	at org.codehaus.groovy.control.CompilationUnit.applyToSourceUnits(CompilationUnit.java:966)
	at org.codehaus.groovy.control.CompilationUnit.doPhaseOperation(CompilationUnit.java:626)
	at org.codehaus.groovy.control.CompilationUnit.processPhaseOperations(CompilationUnit.java:602)
	at org.codehaus.groovy.control.CompilationUnit.compile(CompilationUnit.java:579)
	at groovy.lang.GroovyClassLoader.doParseClass(GroovyClassLoader.java:323)
	at groovy.lang.GroovyClassLoader.parseClass(GroovyClassLoader.java:293)
	at org.jenkinsci.plugins.scriptsecurity.sandbox.groovy.GroovySandbox$Scope.parse(GroovySandbox.java:163)
	at org.jenkinsci.plugins.workflow.cps.CpsGroovyShell.doParse(CpsGroovyShell.java:142)
	at org.jenkinsci.plugins.workflow.cps.CpsGroovyShell.reparse(CpsGroovyShell.java:127)
	at org.jenkinsci.plugins.workflow.cps.CpsFlowExecution.parseScript(CpsFlowExecution.java:563)
	at org.jenkinsci.plugins.workflow.cps.CpsFlowExecution.start(CpsFlowExecution.java:515)
	at org.jenkinsci.plugins.workflow.job.WorkflowRun.run(WorkflowRun.java:336)
	at hudson.model.ResourceController.execute(ResourceController.java:107)
	at hudson.model.Executor.run(Executor.java:449)
Finished: FAILURE
