Started by GitHub push by Winnguyen1511
Checking out git https://github.com/Winnguyen1511/hello-jenkinsfile.git into /var/jenkins_home/workspace/test-pipeline@script/0437fd3a281710a1c58b06a3d65541acafb8b9712783869e712db7924da43925 to read Jenkinsfile
Selected Git installation does not exist. Using Default
The recommended git tool is: NONE
No credentials specified
 > git rev-parse --resolve-git-dir /var/jenkins_home/workspace/test-pipeline@script/0437fd3a281710a1c58b06a3d65541acafb8b9712783869e712db7924da43925/.git # timeout=10
Fetching changes from the remote Git repository
 > git config remote.origin.url https://github.com/Winnguyen1511/hello-jenkinsfile.git # timeout=10
Fetching upstream changes from https://github.com/Winnguyen1511/hello-jenkinsfile.git
 > git --version # timeout=10
 > git --version # 'git version 2.30.2'
 > git fetch --tags --force --progress -- https://github.com/Winnguyen1511/hello-jenkinsfile.git +refs/heads/*:refs/remotes/origin/* # timeout=10
 > git rev-parse refs/remotes/origin/master^{commit} # timeout=10
Checking out Revision d1ae2b86e8dfb14afb4f5b6f66f7998173991bd6 (refs/remotes/origin/master)
 > git config core.sparsecheckout # timeout=10
 > git checkout -f d1ae2b86e8dfb14afb4f5b6f66f7998173991bd6 # timeout=10
Commit message: "update"
 > git rev-list --no-walk e42cc9960629cf89da3d7f6334f85a73de17d0be # timeout=10
org.codehaus.groovy.control.MultipleCompilationErrorsException: startup failed:
WorkflowScript: 3: Undefined section "stage" @ line 3, column 5.
       stage('Build'){
       ^

WorkflowScript: 1: Missing required section "stages" @ line 1, column 1.
   pipeline {
   ^

2 errors

	at org.codehaus.groovy.control.ErrorCollector.failIfErrors(ErrorCollector.java:309)
	at org.codehaus.groovy.control.CompilationUnit.applyToPrimaryClassNodes(CompilationUnit.java:1107)
	at org.codehaus.groovy.control.CompilationUnit.doPhaseOperation(CompilationUnit.java:624)
	at org.codehaus.groovy.control.CompilationUnit.processPhaseOperations(CompilationUnit.java:602)
	at org.codehaus.groovy.control.CompilationUnit.compile(CompilationUnit.java:579)
	at groovy.lang.GroovyClassLoader.doParseClass(GroovyClassLoader.java:323)
	at groovy.lang.GroovyClassLoader.parseClass(GroovyClassLoader.java:293)
	at org.jenkinsci.plugins.scriptsecurity.sandbox.groovy.GroovySandbox$Scope.parse(GroovySandbox.java:163)
	at org.jenkinsci.plugins.workflow.cps.CpsGroovyShell.doParse(CpsGroovyShell.java:142)
	at org.jenkinsci.plugins.workflow.cps.CpsGroovyShell.reparse(CpsGroovyShell.java:127)
	at org.jenkinsci.plugins.workflow.cps.CpsFlowExecution.parseScript(CpsFlowExecution.java:563)
	at org.jenkinsci.plugins.workflow.cps.CpsFlowExecution.start(CpsFlowExecution.java:515)
	at org.jenkinsci.plugins.workflow.job.WorkflowRun.run(WorkflowRun.java:336)
	at hudson.model.ResourceController.execute(ResourceController.java:107)
	at hudson.model.Executor.run(Executor.java:449)
Finished: FAILURE
